<?xml version="1.0" encoding="UTF-8"?>
<!-- Generated by org.testng.reporters.JUnitXMLReporter -->
<testsuite ignored="0" hostname="subhras-MBP.attlocal.net" failures="0" tests="4" name="Test" time="57.405" errors="0" timestamp="2021-01-04T17:38:10 EST">
  <testcase classname="Academy.HomePage" name="basePageNavigation" time="18.773"/>
  <testcase classname="Academy.HomePage" name="basePageNavigation" time="2.584"/>
  <testcase classname="Academy.ValidateNavigationBar" name="validateAppNavBar" time="0.059"/>
  <testcase classname="Academy.ValidateTitle" name="validateAppTitle" time="0.037"/>
</testsuite> <!-- Test -->
