<?xml version="1.0" encoding="UTF-8"?>
<!-- Generated by org.testng.reporters.JUnitXMLReporter -->
<testsuite ignored="0" hostname="subhras-MBP.attlocal.net" failures="1" tests="1" name="Validate Title Test(failed)" time="16.049" errors="0" timestamp="2021-01-04T21:15:01 EST">
  <testcase classname="Academy.ValidateTitle" name="validateAppTitle" time="0.05">
    <failure type="java.lang.AssertionError" message="expected [FEATURED C890OURSES] but found [FEATURED COURSES]">
      <![CDATA[java.lang.AssertionError: expected [FEATURED C890OURSES] but found [FEATURED COURSES]
at Academy.ValidateTitle.validateAppTitle(ValidateTitle.java:42)
at java.base/java.util.ArrayList.forEach(ArrayList.java:1540)
at java.base/java.util.concurrent.FutureTask.run(FutureTask.java:264)
at java.base/java.util.concurrent.ThreadPoolExecutor.runWorker(ThreadPoolExecutor.java:1128)
at java.base/java.util.concurrent.ThreadPoolExecutor$Worker.run(ThreadPoolExecutor.java:628)
at java.base/java.lang.Thread.run(Thread.java:835)
... Removed 24 stack frames]]>
    </failure>
  </testcase> <!-- validateAppTitle -->
</testsuite> <!-- Validate Title Test(failed) -->
