<?xml version="1.0" encoding="UTF-8"?>
<testng-results ignored="0" total="1" passed="1" failed="0" skipped="0">
  <reporter-output>
  </reporter-output>
  <suite started-at="2021-01-06T12:46:21 EST" name="Default suite" finished-at="2021-01-06T12:46:35 EST" duration-ms="13548">
    <groups>
    </groups>
    <test started-at="2021-01-06T12:46:21 EST" name="Default test" finished-at="2021-01-06T12:46:35 EST" duration-ms="13548">
      <class name="Academy.ValidateNavigationBar">
        <test-method is-config="true" signature="initialize()[pri:0, instance:Academy.ValidateNavigationBar@565b064f]" started-at="2021-01-06T12:46:21 EST" name="initialize" finished-at="2021-01-06T12:46:34 EST" duration-ms="13149" status="PASS">
          <reporter-output>
          </reporter-output>
        </test-method> <!-- initialize -->
        <test-method signature="validateAppNavBar()[pri:0, instance:Academy.ValidateNavigationBar@565b064f]" started-at="2021-01-06T12:46:34 EST" name="validateAppNavBar" finished-at="2021-01-06T12:46:35 EST" duration-ms="242" status="PASS">
          <reporter-output>
          </reporter-output>
        </test-method> <!-- validateAppNavBar -->
        <test-method is-config="true" signature="teardown()[pri:0, instance:Academy.ValidateNavigationBar@565b064f]" started-at="2021-01-06T12:46:35 EST" name="teardown" finished-at="2021-01-06T12:46:35 EST" duration-ms="72" status="PASS">
          <reporter-output>
          </reporter-output>
        </test-method> <!-- teardown -->
      </class> <!-- Academy.ValidateNavigationBar -->
    </test> <!-- Default test -->
  </suite> <!-- Default suite -->
</testng-results>
